2023-12-17T01:00:18.198+05:30  INFO 17876 --- [restartedMain] c.e.m.s.SpringMvcProjectApplication      : Starting SpringMvcProjectApplication using Java 17.0.8 with PID 17876 (D:\learn code with Durgesh\Master Java Springboot with real projects\practice coding\4spring-MVC\springMVCProject\target\classes started by ronak in D:\learn code with Durgesh\Master Java Springboot with real projects\practice coding\4spring-MVC\springMVCProject)
2023-12-17T01:00:18.199+05:30  INFO 17876 --- [restartedMain] c.e.m.s.SpringMvcProjectApplication      : No active profile set, falling back to 1 default profile: "default"
2023-12-17T01:00:18.467+05:30  INFO 17876 --- [restartedMain] o.s.b.w.embedded.tomcat.TomcatWebServer  : Tomcat initialized with port 8080 (http)
2023-12-17T01:00:18.495+05:30  INFO 17876 --- [restartedMain] o.apache.catalina.core.StandardService   : Starting service [Tomcat]
2023-12-17T01:00:18.495+05:30  INFO 17876 --- [restartedMain] o.apache.catalina.core.StandardEngine    : Starting Servlet engine: [Apache Tomcat/10.1.16]
2023-12-17T01:00:18.515+05:30  INFO 17876 --- [restartedMain] o.a.c.c.C.[Tomcat].[localhost].[/]       : Initializing Spring embedded WebApplicationContext
2023-12-17T01:00:18.516+05:30  INFO 17876 --- [restartedMain] w.s.c.ServletWebServerApplicationContext : Root WebApplicationContext: initialization completed in 315 ms
2023-12-17T01:00:18.590+05:30  INFO 17876 --- [restartedMain] o.s.b.d.a.OptionalLiveReloadServer       : LiveReload server is running on port 35729
2023-12-17T01:00:18.597+05:30  INFO 17876 --- [restartedMain] o.s.b.w.embedded.tomcat.TomcatWebServer  : Tomcat started on port 8080 (http) with context path ''
2023-12-17T01:00:18.600+05:30  INFO 17876 --- [restartedMain] c.e.m.s.SpringMvcProjectApplication      : Started SpringMvcProjectApplication in 0.456 seconds (process running for 369.728)
2023-12-17T01:00:18.602+05:30  INFO 17876 --- [restartedMain] .ConditionEvaluationDeltaLoggingListener : Condition evaluation unchanged
2023-12-17T01:00:21.018+05:30  INFO 17876 --- [http-nio-8080-exec-2] o.a.c.c.C.[Tomcat].[localhost].[/]       : Initializing Spring DispatcherServlet 'dispatcherServlet'
2023-12-17T01:00:21.018+05:30  INFO 17876 --- [http-nio-8080-exec-2] o.s.web.servlet.DispatcherServlet        : Initializing Servlet 'dispatcherServlet'
2023-12-17T01:00:21.019+05:30  INFO 17876 --- [http-nio-8080-exec-2] o.s.web.servlet.DispatcherServlet        : Completed initialization in 1 ms
2023-12-17T01:00:21.023+05:30 ERROR 17876 --- [http-nio-8080-exec-2] c.e.m.s.controllers.ProduceController    : ProductName phone
2023-12-17T01:00:21.024+05:30  WARN 17876 --- [http-nio-8080-exec-2] c.e.m.s.controllers.ProduceController    : ProductId 1234
2023-12-17T01:00:21.024+05:30  INFO 17876 --- [http-nio-8080-exec-2] c.e.m.s.controllers.ProduceController    : productRating 4
2023-12-17T01:08:45.134+05:30  INFO 2820 --- [restartedMain] c.e.m.s.SpringMvcProjectApplication      : Starting SpringMvcProjectApplication using Java 17.0.8 with PID 2820 (D:\learn code with Durgesh\Master Java Springboot with real projects\practice coding\4spring-MVC\springMVCProject\target\classes started by ronak in D:\learn code with Durgesh\Master Java Springboot with real projects\practice coding\4spring-MVC\springMVCProject)
2023-12-17T01:08:45.136+05:30 DEBUG 2820 --- [restartedMain] c.e.m.s.SpringMvcProjectApplication      : Running with Spring Boot v3.2.0, Spring v6.1.1
2023-12-17T01:08:45.137+05:30  INFO 2820 --- [restartedMain] c.e.m.s.SpringMvcProjectApplication      : No active profile set, falling back to 1 default profile: "default"
2023-12-17T01:08:45.213+05:30  INFO 2820 --- [restartedMain] .e.DevToolsPropertyDefaultsPostProcessor : Devtools property defaults active! Set 'spring.devtools.add-properties' to 'false' to disable
2023-12-17T01:08:45.213+05:30  INFO 2820 --- [restartedMain] .e.DevToolsPropertyDefaultsPostProcessor : For additional web related logging consider setting the 'logging.level.web' property to 'DEBUG'
2023-12-17T01:08:46.860+05:30  INFO 2820 --- [restartedMain] o.s.b.w.embedded.tomcat.TomcatWebServer  : Tomcat initialized with port 8080 (http)
2023-12-17T01:08:46.875+05:30  INFO 2820 --- [restartedMain] o.apache.catalina.core.StandardService   : Starting service [Tomcat]
2023-12-17T01:08:46.876+05:30  INFO 2820 --- [restartedMain] o.apache.catalina.core.StandardEngine    : Starting Servlet engine: [Apache Tomcat/10.1.16]
2023-12-17T01:08:46.970+05:30  INFO 2820 --- [restartedMain] o.a.c.c.C.[Tomcat].[localhost].[/]       : Initializing Spring embedded WebApplicationContext
2023-12-17T01:08:46.970+05:30  INFO 2820 --- [restartedMain] w.s.c.ServletWebServerApplicationContext : Root WebApplicationContext: initialization completed in 1756 ms
2023-12-17T01:08:47.597+05:30  INFO 2820 --- [restartedMain] o.s.b.d.a.OptionalLiveReloadServer       : LiveReload server is running on port 35729
2023-12-17T01:08:47.715+05:30  INFO 2820 --- [restartedMain] o.s.b.w.embedded.tomcat.TomcatWebServer  : Tomcat started on port 8080 (http) with context path ''
2023-12-17T01:08:47.735+05:30  INFO 2820 --- [restartedMain] c.e.m.s.SpringMvcProjectApplication      : Started SpringMvcProjectApplication in 3.153 seconds (process running for 3.653)
2023-12-17T01:08:49.159+05:30  INFO 2820 --- [http-nio-8080-exec-2] o.a.c.c.C.[Tomcat].[localhost].[/]       : Initializing Spring DispatcherServlet 'dispatcherServlet'
2023-12-17T01:08:49.159+05:30  INFO 2820 --- [http-nio-8080-exec-2] o.s.web.servlet.DispatcherServlet        : Initializing Servlet 'dispatcherServlet'
2023-12-17T01:08:49.160+05:30  INFO 2820 --- [http-nio-8080-exec-2] o.s.web.servlet.DispatcherServlet        : Completed initialization in 1 ms
2023-12-17T01:08:49.198+05:30 ERROR 2820 --- [http-nio-8080-exec-2] c.e.m.s.controllers.ProduceController    : ProductName phone
2023-12-17T01:08:49.201+05:30  WARN 2820 --- [http-nio-8080-exec-2] c.e.m.s.controllers.ProduceController    : ProductId 1234
2023-12-17T01:08:49.201+05:30  INFO 2820 --- [http-nio-8080-exec-2] c.e.m.s.controllers.ProduceController    : productRating 4
2023-12-17T01:08:49.201+05:30 DEBUG 2820 --- [http-nio-8080-exec-2] c.e.m.s.controllers.ProduceController    : This is debug testing
